<?xml version='1.0'?>
<ns2:test-suite xmlns:ns2='urn:model.allure.qatools.yandex.ru' start='1757301667040' stop='1757301806677'>
    <name>OVERVIEW PAGE</name>
    <title>OVERVIEW PAGE</title>
    <test-cases>
        <test-case start='1757301667046' status='passed' stop='1757301702887'>
            <name>Page Responsiveness Landscape</name>
            <title>Page Responsiveness Landscape</title>
            <labels/>
            <parameters/>
            <steps/>
            <attachments/>
        </test-case>
        <test-case start='1757301702923' status='passed' stop='1757301757305'>
            <name>Page Responsiveness Portrait</name>
            <title>Page Responsiveness Portrait</title>
            <labels/>
            <parameters/>
            <steps/>
            <attachments/>
        </test-case>
        <test-case start='1757301757380' status='failed' stop='1757301763945'>
            <name>Home Button</name>
            <title>Home Button</title>
            <labels/>
            <parameters/>
            <steps/>
            <attachments/>
            <failure>
                <message>Timed out retrying after 4000ms: expected '&lt;img.img-fluid.header-nurse>' to be 'visible'
                
                This element `&lt;img.img-fluid.header-nurse>` is not visible because it has an effective width and height of: `0 x 0` pixels.</message>
                <stack-trace>AssertionError: Timed out retrying after 4000ms: expected '&lt;img.img-fluid.header-nurse>' to be 'visible'
                
                This element `&lt;img.img-fluid.header-nurse>` is not visible because it has an effective width and height of: `0 x 0` pixels.
                    at Context.eval (webpack://denatld/./cypress/e2e/Affiliates_Suite/extranet_pages.cy.js:40:46)</stack-trace>
            </failure>
        </test-case>
        <test-case start='1757301764017' status='passed' stop='1757301771769'>
            <name>About Button</name>
            <title>About Button</title>
            <labels/>
            <parameters/>
            <steps/>
            <attachments/>
        </test-case>
        <test-case start='1757301771823' status='passed' stop='1757301776062'>
            <name>Pricing Button</name>
            <title>Pricing Button</title>
            <labels/>
            <parameters/>
            <steps/>
            <attachments/>
        </test-case>
        <test-case start='1757301776088' status='passed' stop='1757301777822'>
            <name>Become an Affiliate Button</name>
            <title>Become an Affiliate Button</title>
            <labels/>
            <parameters/>
            <steps/>
            <attachments/>
        </test-case>
        <test-case start='1757301777838' status='passed' stop='1757301779504'>
            <name>Get Started Button</name>
            <title>Get Started Button</title>
            <labels/>
            <parameters/>
            <steps/>
            <attachments/>
        </test-case>
        <test-case start='1757301779540' status='passed' stop='1757301781407'>
            <name>FAQ</name>
            <title>FAQ</title>
            <labels/>
            <parameters/>
            <steps/>
            <attachments/>
        </test-case>
        <test-case start='1757301781426' status='passed' stop='1757301782844'>
            <name>Facebook</name>
            <title>Facebook</title>
            <labels/>
            <parameters/>
            <steps/>
            <attachments/>
        </test-case>
        <test-case start='1757301782941' status='passed' stop='1757301784743'>
            <name>Twitter</name>
            <title>Twitter</title>
            <labels/>
            <parameters/>
            <steps/>
            <attachments/>
        </test-case>
        <test-case start='1757301784760' status='passed' stop='1757301787440'>
            <name>Terms of Use</name>
            <title>Terms of Use</title>
            <labels/>
            <parameters/>
            <steps/>
            <attachments/>
        </test-case>
        <test-case start='1757301787460' status='passed' stop='1757301789966'>
            <name>Privacy</name>
            <title>Privacy</title>
            <labels/>
            <parameters/>
            <steps/>
            <attachments/>
        </test-case>
        <test-case start='1757301789990' status='passed' stop='1757301793701'>
            <name>About Us</name>
            <title>About Us</title>
            <labels/>
            <parameters/>
            <steps/>
            <attachments/>
        </test-case>
        <test-case start='1757301793743' status='passed' stop='1757301796748'>
            <name>FAQs</name>
            <title>FAQs</title>
            <labels/>
            <parameters/>
            <steps/>
            <attachments/>
        </test-case>
        <test-case start='1757301796784' status='passed' stop='1757301798548'>
            <name>Dental Professional</name>
            <title>Dental Professional</title>
            <labels/>
            <parameters/>
            <steps/>
            <attachments/>
        </test-case>
        <test-case start='1757301798570' status='passed' stop='1757301800702'>
            <name>Dental Office</name>
            <title>Dental Office</title>
            <labels/>
            <parameters/>
            <steps/>
            <attachments/>
        </test-case>
        <test-case start='1757301800723' status='failed' stop='1757301806643'>
            <name>Copyright Year and Link</name>
            <title>Copyright Year and Link</title>
            <labels/>
            <parameters/>
            <steps/>
            <attachments/>
            <failure>
                <message>Timed out retrying after 4000ms: expected '&lt;p.copyright.mb-0>' to contain '2023'</message>
                <stack-trace>AssertionError: Timed out retrying after 4000ms: expected '&lt;p.copyright.mb-0>' to contain '2023'
                    at Context.eval (webpack://denatld/./cypress/e2e/Affiliates_Suite/extranet_pages.cy.js:129:7)</stack-trace>
            </failure>
        </test-case>
    </test-cases>
</ns2:test-suite>